<?xml version="1.0" encoding="UTF-8"?>
<!-- Generated by org.testng.reporters.JUnitReportReporter -->
<testsuite hostname="DESKTOP-8NEJEKB" failures="0" tests="1" name="TestNG.parameterisetestInTestNg" time="0.029" errors="0" timestamp="2024-11-21T13:18:53 IST" skipped="0">
  <testcase classname="TestNG.parameterisetestInTestNg" name="login" time="0.029"/>
  <system-out/>
</testsuite> <!-- TestNG.parameterisetestInTestNg -->
