<?xml version="1.0" encoding="UTF-8"?>
<!-- Generated by org.testng.reporters.JUnitReportReporter -->
<testsuite hostname="DESKTOP-8NEJEKB" failures="0" tests="3" name="TestNG.DisableTestInTestNG" time="0.028" errors="0" timestamp="2024-11-19T16:00:51 IST" skipped="1">
  <testcase classname="TestNG.DisableTestInTestNG" name="test1" time="0.022"/>
  <system-out/>
  <testcase classname="TestNG.DisableTestInTestNG" name="test2" time="0.006"/>
  <system-out/>
  <testcase classname="TestNG.DisableTestInTestNG" name="test3">
    <skipped/>
  </testcase> <!-- test3 -->
  <system-out/>
</testsuite> <!-- TestNG.DisableTestInTestNG -->
