<?xml version="1.0" encoding="UTF-8"?>
<!-- Generated by org.testng.reporters.JUnitReportReporter -->
<testsuite hostname="DESKTOP-8NEJEKB" failures="0" tests="4" name="TestNG.DataDrivenTesting" time="0.029" errors="0" timestamp="2024-12-04T12:01:06 IST" skipped="0">
  <testcase classname="TestNG.DataDrivenTesting" name="getdata" time="0.003"/>
  <system-out/>
  <testcase classname="TestNG.DataDrivenTesting" name="getdata" time="0.004"/>
  <system-out/>
  <testcase classname="TestNG.DataDrivenTesting" name="getdata" time="0.005"/>
  <system-out/>
  <testcase classname="TestNG.DataDrivenTesting" name="getdata" time="0.017"/>
  <system-out/>
</testsuite> <!-- TestNG.DataDrivenTesting -->
