<?xml version="1.0" encoding="UTF-8"?>
<!-- Generated by org.testng.reporters.JUnitReportReporter -->
<testsuite hostname="DESKTOP-8NEJEKB" failures="0" tests="2" name="TestNG.DataDriven" time="33.937" errors="0" timestamp="2024-11-25T12:11:27 IST" skipped="0">
  <testcase classname="TestNG.DataDriven" name="testFacebookSignUp" time="21.181"/>
  <system-out/>
  <testcase classname="TestNG.DataDriven" name="testFacebookSignUp" time="12.756"/>
  <system-out/>
</testsuite> <!-- TestNG.DataDriven -->
