<?xml version="1.0" encoding="UTF-8"?>
<!-- Generated by org.testng.reporters.JUnitReportReporter -->
<testsuite hostname="DESKTOP-8NEJEKB" failures="0" tests="2" name="testing.Testng_Test" time="0.027" errors="0" timestamp="2024-11-18T13:44:22 IST" skipped="0">
  <testcase classname="testing.Testng_Test" name="test2" time="0.006"/>
  <system-out/>
  <testcase classname="testing.Testng_Test" name="test1" time="0.021"/>
  <system-out/>
</testsuite> <!-- testing.Testng_Test -->
