<?xml version="1.0" encoding="UTF-8"?>
<!-- Generated by org.testng.reporters.JUnitReportReporter -->
<testsuite hostname="DESKTOP-8NEJEKB" failures="0" tests="2" name="TestNG.DependentTestInTestNG" time="0.024" errors="0" timestamp="2024-11-19T16:09:09 IST" skipped="1">
  <testcase classname="TestNG.DependentTestInTestNG" name="logout" time="0.024"/>
  <system-out/>
  <testcase classname="TestNG.DependentTestInTestNG" name="login">
    <skipped/>
  </testcase> <!-- login -->
  <system-out/>
</testsuite> <!-- TestNG.DependentTestInTestNG -->
