<?xml version="1.0" encoding="UTF-8"?>
<!-- Generated by org.testng.reporters.JUnitReportReporter -->
<testsuite hostname="DESKTOP-8NEJEKB" failures="0" tests="1" name="TestNG.TestNGTest" time="0.014" errors="0" timestamp="2024-11-19T14:14:40 IST" skipped="0">
  <testcase classname="TestNG.TestNGTest" name="testngtest" time="0.014"/>
  <system-out/>
</testsuite> <!-- TestNG.TestNGTest -->
