<?xml version="1.0" encoding="UTF-8"?>
<!-- Generated by org.testng.reporters.JUnitReportReporter -->
<testsuite hostname="DESKTOP-8NEJEKB" failures="0" tests="1" name="TestNG.TC02" time="0.014" errors="0" timestamp="2024-11-21T13:18:39 IST" skipped="0">
  <testcase classname="TestNG.TC02" name="tc02" time="0.014"/>
  <system-out/>
</testsuite> <!-- TestNG.TC02 -->
