<?xml version="1.0" encoding="UTF-8"?>
<!-- Generated by org.testng.reporters.JUnitReportReporter -->
<testsuite hostname="DESKTOP-8NEJEKB" failures="0" tests="2" name="TestNG.TestNGAnnotations" time="0.039" errors="0" timestamp="2024-11-19T13:36:15 IST" skipped="0">
  <testcase classname="TestNG.TestNGAnnotations" name="test2" time="0.017"/>
  <system-out/>
  <testcase classname="TestNG.TestNGAnnotations" name="test1" time="0.022"/>
  <system-out/>
</testsuite> <!-- TestNG.TestNGAnnotations -->
