<?xml version="1.0" encoding="UTF-8"?>
<!-- Generated by org.testng.reporters.JUnitReportReporter -->
<testsuite hostname="DESKTOP-8NEJEKB" failures="0" tests="5" name="TestNG.PriortiseTestInTestNG" time="0.065" errors="0" timestamp="2024-11-21T12:25:15 IST" skipped="0">
  <testcase classname="TestNG.PriortiseTestInTestNG" name="logout" time="0.026"/>
  <system-out/>
  <testcase classname="TestNG.PriortiseTestInTestNG" name="signup" time="0.009"/>
  <system-out/>
  <testcase classname="TestNG.PriortiseTestInTestNG" name="create" time="0.009"/>
  <system-out/>
  <testcase classname="TestNG.PriortiseTestInTestNG" name="forgot" time="0.009"/>
  <system-out/>
  <testcase classname="TestNG.PriortiseTestInTestNG" name="login" time="0.012"/>
  <system-out/>
</testsuite> <!-- TestNG.PriortiseTestInTestNG -->
