<?xml version="1.0" encoding="UTF-8"?>
<!-- Generated by org.testng.reporters.JUnitReportReporter -->
<testsuite hostname="DESKTOP-8NEJEKB" failures="0" tests="4" name="TestNG.DefaultEexecutionInTestNGTest" time="0.044" errors="0" timestamp="2024-11-21T12:37:52 IST" skipped="0">
  <testcase classname="TestNG.DefaultEexecutionInTestNGTest" name="Login" time="0.027"/>
  <system-out/>
  <testcase classname="TestNG.DefaultEexecutionInTestNGTest" name="Logout" time="0.005"/>
  <system-out/>
  <testcase classname="TestNG.DefaultEexecutionInTestNGTest" name="create" time="0.007"/>
  <system-out/>
  <testcase classname="TestNG.DefaultEexecutionInTestNGTest" name="update_profile" time="0.005"/>
  <system-out/>
</testsuite> <!-- TestNG.DefaultEexecutionInTestNGTest -->
